# JRE version: Java(TM) SE Runtime Environment (8.0_151-b12) (build 1.8.0_151-b12)
# Java VM: Java HotSpot(TM) 64-Bit Server VM (25.151-b12 mixed mode windows-amd64 compressed oops)
Heap:
 PSYoungGen      total 153088K, used 26539K [0x00000000d6000000, 0x00000000e0e80000, 0x0000000100000000)
  eden space 142848K, 11% used [0x00000000d6000000,0x00000000d7052528,0x00000000deb80000)
  from space 10240K, 95% used [0x00000000e0480000,0x00000000e0e18798,0x00000000e0e80000)
  to   space 13312K, 0% used [0x00000000df480000,0x00000000df480000,0x00000000e0180000)
 ParOldGen       total 63488K, used 17642K [0x0000000082000000, 0x0000000085e00000, 0x00000000d6000000)
  object space 63488K, 27% used [0x0000000082000000,0x000000008313abd8,0x0000000085e00000)
 Metaspace       used 45382K, capacity 46772K, committed 47064K, reserved 1089536K
  class space    used 6046K, capacity 6335K, committed 6400K, reserved 1048576K
GC Heap History (10 events):
Event: 8.787 GC heap before
{Heap before GC invocations=6 (full 1):
 PSYoungGen      total 70656K, used 70642K [0x00000000d6000000, 0x00000000dcb00000, 0x0000000100000000)
  eden space 65536K, 100% used [0x00000000d6000000,0x00000000da000000,0x00000000da000000)
  from space 5120K, 99% used [0x00000000da500000,0x00000000da9fc940,0x00000000daa00000)
  to   space 5120K, 0% used [0x00000000da000000,0x00000000da000000,0x00000000da500000)
 ParOldGen       total 63488K, used 14949K [0x0000000082000000, 0x0000000085e00000, 0x00000000d6000000)
  object space 63488K, 23% used [0x0000000082000000,0x0000000082e997b8,0x0000000085e00000)
 Metaspace       used 30556K, capacity 31554K, committed 31744K, reserved 1077248K
  class space    used 3992K, capacity 4230K, committed 4352K, reserved 1048576K
Event: 8.801 GC heap after
Heap after GC invocations=6 (full 1):
 PSYoungGen      total 70656K, used 5109K [0x00000000d6000000, 0x00000000dd900000, 0x0000000100000000)
  eden space 65536K, 0% used [0x00000000d6000000,0x00000000d6000000,0x00000000da000000)
  from space 5120K, 99% used [0x00000000da000000,0x00000000da4fd450,0x00000000da500000)
  to   space 13312K, 0% used [0x00000000dcc00000,0x00000000dcc00000,0x00000000dd900000)
 ParOldGen       total 63488K, used 19652K [0x0000000082000000, 0x0000000085e00000, 0x00000000d6000000)
  object space 63488K, 30% used [0x0000000082000000,0x0000000083331028,0x0000000085e00000)
 Metaspace       used 30556K, capacity 31554K, committed 31744K, reserved 1077248K
  class space    used 3992K, capacity 4230K, committed 4352K, reserved 1048576K
}
Event: 9.288 GC heap before
{Heap before GC invocations=7 (full 1):
 PSYoungGen      total 70656K, used 70645K [0x00000000d6000000, 0x00000000dd900000, 0x0000000100000000)
  eden space 65536K, 100% used [0x00000000d6000000,0x00000000da000000,0x00000000da000000)
  from space 5120K, 99% used [0x00000000da000000,0x00000000da4fd450,0x00000000da500000)
  to   space 13312K, 0% used [0x00000000dcc00000,0x00000000dcc00000,0x00000000dd900000)
 ParOldGen       total 63488K, used 19652K [0x0000000082000000, 0x0000000085e00000, 0x00000000d6000000)
  object space 63488K, 30% used [0x0000000082000000,0x0000000083331028,0x0000000085e00000)
 Metaspace       used 32245K, capacity 33506K, committed 33792K, reserved 1079296K
  class space    used 4232K, capacity 4510K, committed 4608K, reserved 1048576K
Event: 9.300 GC heap after
Heap after GC invocations=7 (full 1):
 PSYoungGen      total 111104K, used 8508K [0x00000000d6000000, 0x00000000ddf00000, 0x0000000100000000)
  eden space 97792K, 0% used [0x00000000d6000000,0x00000000d6000000,0x00000000dbf80000)
  from space 13312K, 63% used [0x00000000dcc00000,0x00000000dd44f020,0x00000000dd900000)
  to   space 12800K, 0% used [0x00000000dbf80000,0x00000000dbf80000,0x00000000dcc00000)
 ParOldGen       total 63488K, used 19652K [0x0000000082000000, 0x0000000085e00000, 0x00000000d6000000)
  object space 63488K, 30% used [0x0000000082000000,0x0000000083331028,0x0000000085e00000)
 Metaspace       used 32245K, capacity 33506K, committed 33792K, reserved 1079296K
  class space    used 4232K, capacity 4510K, committed 4608K, reserved 1048576K
}
Event: 11.238 GC heap before
{Heap before GC invocations=8 (full 1):
 PSYoungGen      total 111104K, used 74334K [0x00000000d6000000, 0x00000000ddf00000, 0x0000000100000000)
  eden space 97792K, 67% used [0x00000000d6000000,0x00000000da0488b0,0x00000000dbf80000)
  from space 13312K, 63% used [0x00000000dcc00000,0x00000000dd44f020,0x00000000dd900000)
  to   space 12800K, 0% used [0x00000000dbf80000,0x00000000dbf80000,0x00000000dcc00000)
 ParOldGen       total 63488K, used 19652K [0x0000000082000000, 0x0000000085e00000, 0x00000000d6000000)
  object space 63488K, 30% used [0x0000000082000000,0x0000000083331028,0x0000000085e00000)
 Metaspace       used 34052K, capacity 35360K, committed 35416K, reserved 1079296K
  class space    used 4471K, capacity 4723K, committed 4736K, reserved 1048576K
Event: 11.260 GC heap after
Heap after GC invocations=8 (full 1):
 PSYoungGen      total 110592K, used 10530K [0x00000000d6000000, 0x00000000e1180000, 0x0000000100000000)
  eden space 97792K, 0% used [0x00000000d6000000,0x00000000d6000000,0x00000000dbf80000)
  from space 12800K, 82% used [0x00000000dbf80000,0x00000000dc9c8980,0x00000000dcc00000)
  to   space 13312K, 0% used [0x00000000e0480000,0x00000000e0480000,0x00000000e1180000)
 ParOldGen       total 63488K, used 19660K [0x0000000082000000, 0x0000000085e00000, 0x00000000d6000000)
  object space 63488K, 30% used [0x0000000082000000,0x0000000083333028,0x0000000085e00000)
 Metaspace       used 34052K, capacity 35360K, committed 35416K, reserved 1079296K
  class space    used 4471K, capacity 4723K, committed 4736K, reserved 1048576K
}
Event: 11.260 GC heap before
{Heap before GC invocations=9 (full 2):
 PSYoungGen      total 110592K, used 10530K [0x00000000d6000000, 0x00000000e1180000, 0x0000000100000000)
  eden space 97792K, 0% used [0x00000000d6000000,0x00000000d6000000,0x00000000dbf80000)
  from space 12800K, 82% used [0x00000000dbf80000,0x00000000dc9c8980,0x00000000dcc00000)
  to   space 13312K, 0% used [0x00000000e0480000,0x00000000e0480000,0x00000000e1180000)
 ParOldGen       total 63488K, used 19660K [0x0000000082000000, 0x0000000085e00000, 0x00000000d6000000)
  object space 63488K, 30% used [0x0000000082000000,0x0000000083333028,0x0000000085e00000)
 Metaspace       used 34052K, capacity 35360K, committed 35416K, reserved 1079296K
  class space    used 4471K, capacity 4723K, committed 4736K, reserved 1048576K
Event: 11.362 GC heap after
Heap after GC invocations=9 (full 2):
 PSYoungGen      total 110592K, used 0K [0x00000000d6000000, 0x00000000e1180000, 0x0000000100000000)
  eden space 97792K, 0% used [0x00000000d6000000,0x00000000d6000000,0x00000000dbf80000)
  from space 12800K, 0% used [0x00000000dbf80000,0x00000000dbf80000,0x00000000dcc00000)
  to   space 13312K, 0% used [0x00000000e0480000,0x00000000e0480000,0x00000000e1180000)
 ParOldGen       total 63488K, used 17634K [0x0000000082000000, 0x0000000085e00000, 0x00000000d6000000)
  object space 63488K, 27% used [0x0000000082000000,0x0000000083138bd8,0x0000000085e00000)
 Metaspace       used 34052K, capacity 35360K, committed 35416K, reserved 1079296K
  class space    used 4471K, capacity 4723K, committed 4736K, reserved 1048576K
}
Event: 25.772 GC heap before
{Heap before GC invocations=10 (full 2):
 PSYoungGen      total 110592K, used 97792K [0x00000000d6000000, 0x00000000e1180000, 0x0000000100000000)
  eden space 97792K, 100% used [0x00000000d6000000,0x00000000dbf80000,0x00000000dbf80000)
  from space 12800K, 0% used [0x00000000dbf80000,0x00000000dbf80000,0x00000000dcc00000)
  to   space 13312K, 0% used [0x00000000e0480000,0x00000000e0480000,0x00000000e1180000)
 ParOldGen       total 63488K, used 17634K [0x0000000082000000, 0x0000000085e00000, 0x00000000d6000000)
  object space 63488K, 27% used [0x0000000082000000,0x0000000083138bd8,0x0000000085e00000)
 Metaspace       used 43699K, capacity 45074K, committed 45272K, reserved 1089536K
  class space    used 5795K, capacity 6092K, committed 6144K, reserved 1048576K
Event: 25.790 GC heap after
Heap after GC invocations=10 (full 2):
 PSYoungGen      total 153088K, used 9825K [0x00000000d6000000, 0x00000000e0e80000, 0x0000000100000000)
  eden space 142848K, 0% used [0x00000000d6000000,0x00000000d6000000,0x00000000deb80000)
  from space 10240K, 95% used [0x00000000e0480000,0x00000000e0e18798,0x00000000e0e80000)
  to   space 13312K, 0% used [0x00000000df480000,0x00000000df480000,0x00000000e0180000)
 ParOldGen       total 63488K, used 17642K [0x0000000082000000, 0x0000000085e00000, 0x00000000d6000000)
  object space 63488K, 27% used [0x0000000082000000,0x000000008313abd8,0x0000000085e00000)
 Metaspace       used 43699K, capacity 45074K, committed 45272K, reserved 1089536K
  class space    used 5795K, capacity 6092K, committed 6144K, reserved 1048576K
}

